0 verbose cli /usr/local/bin/node /usr/local/bin/npm
1 info using npm@8.19.3
2 info using node@v17.9.1
3 timing npm:load:whichnode Completed in 1ms
4 timing config:load:defaults Completed in 7ms
5 timing config:load:file:/usr/local/lib/node_modules/npm/npmrc Completed in 2ms
6 timing config:load:builtin Completed in 3ms
7 timing config:load:cli Completed in 3ms
8 timing config:load:env Completed in 1ms
9 timing config:load:project Completed in 203ms
10 timing config:load:file:/home/container/.npmrc Completed in 0ms
11 timing config:load:user Completed in 1ms
12 timing config:load:file:/usr/local/etc/npmrc Completed in 0ms
13 timing config:load:global Completed in 0ms
14 timing config:load:validate Completed in 0ms
15 timing config:load:credentials Completed in 1ms
16 timing config:load:setEnvs Completed in 3ms
17 timing config:load Completed in 224ms
18 timing npm:load:configload Completed in 295ms
19 timing npm:load:mkdirpcache Completed in 4ms
20 timing npm:load:mkdirplogs Completed in 74ms
21 verbose title npm install
22 verbose argv "install"
23 timing npm:load:setTitle Completed in 2ms
24 timing config:load:flatten Completed in 9ms
25 timing npm:load:display Completed in 14ms
26 verbose logfile logs-max:10 dir:/home/container/.npm/_logs
27 verbose logfile /home/container/.npm/_logs/2023-05-05T06_30_28_607Z-debug-0.log
28 timing npm:load:logFile Completed in 82ms
29 timing npm:load:timers Completed in 0ms
30 timing npm:load:configScope Completed in 0ms
31 timing npm:load Completed in 474ms
32 timing arborist:ctor Completed in 76ms
33 silly logfile done cleaning log files
34 timing idealTree:init Completed in 1188ms
35 timing idealTree:userRequests Completed in 1ms
36 silly idealTree buildDeps
37 timing idealTree:#root Completed in 0ms
38 timing idealTree:buildDeps Completed in 3ms
39 timing idealTree:fixDepFlags Completed in 0ms
40 timing idealTree Completed in 1199ms
41 timing arborist:ctor Completed in 0ms
42 timing reify:loadTrees Completed in 1903ms
43 timing reify:diffTrees Completed in 15ms
44 silly reify moves {}
45 timing reify:retireShallow Completed in 65ms
46 timing reify:createSparse Completed in 1ms
47 timing reify:loadBundles Completed in 0ms
48 silly audit bulk request {
48 silly audit   '@adiwajshing/baileys': [ '4.4.0' ],
48 silly audit   '@hapi/boom': [ '9.1.4', '10.0.1' ],
48 silly audit   '@hapi/hoek': [ '9.3.0', '11.0.2' ],
48 silly audit   axios: [ '0.24.0', '0.27.2', '0.21.4' ],
48 silly audit   '@adiwajshing/keyed-db': [ '0.2.4' ],
48 silly audit   '@babel/runtime': [ '7.21.5' ],
48 silly audit   '@jimp/bmp': [ '0.16.13' ],
48 silly audit   '@jimp/core': [ '0.16.13' ],
48 silly audit   'file-type': [ '16.5.4', '16.5.3' ],
48 silly audit   '@jimp/custom': [ '0.16.13' ],
48 silly audit   '@jimp/gif': [ '0.16.13' ],
48 silly audit   '@jimp/jpeg': [ '0.16.13' ],
48 silly audit   '@jimp/plugin-blit': [ '0.16.13' ],
48 silly audit   '@jimp/plugin-blur': [ '0.16.13' ],
48 silly audit   '@jimp/plugin-circle': [ '0.16.13' ],
48 silly audit   '@jimp/plugin-color': [ '0.16.13' ],
48 silly audit   '@jimp/plugin-contain': [ '0.16.13' ],
48 silly audit   '@jimp/plugin-cover': [ '0.16.13' ],
48 silly audit   '@jimp/plugin-crop': [ '0.16.13' ],
48 silly audit   '@jimp/plugin-displace': [ '0.16.13' ],
48 silly audit   '@jimp/plugin-dither': [ '0.16.13' ],
48 silly audit   '@jimp/plugin-fisheye': [ '0.16.13' ],
48 silly audit   '@jimp/plugin-flip': [ '0.16.13' ],
48 silly audit   '@jimp/plugin-gaussian': [ '0.16.13' ],
48 silly audit   '@jimp/plugin-invert': [ '0.16.13' ],
48 silly audit   '@jimp/plugin-mask': [ '0.16.13' ],
48 silly audit   '@jimp/plugin-normalize': [ '0.16.13' ],
48 silly audit   '@jimp/plugin-print': [ '0.16.13' ],
48 silly audit   '@jimp/plugin-resize': [ '0.16.13' ],
48 silly audit   '@jimp/plugin-rotate': [ '0.16.13' ],
48 silly audit   '@jimp/plugin-scale': [ '0.16.13' ],
48 silly audit   '@jimp/plugin-shadow': [ '0.16.13' ],
48 silly audit   '@jimp/plugin-threshold': [ '0.16.13' ],
48 silly audit   '@jimp/plugins': [ '0.16.13' ],
48 silly audit   '@jimp/png': [ '0.16.13' ],
48 silly audit   '@jimp/tiff': [ '0.16.13' ],
48 silly audit   '@jimp/types': [ '0.16.13' ],
48 silly audit   '@jimp/utils': [ '0.16.13' ],
48 silly audit   '@protobufjs/aspromise': [ '1.1.2' ],
48 silly audit   '@protobufjs/base64': [ '1.1.2' ],
48 silly audit   '@protobufjs/codegen': [ '2.0.4' ],
48 silly audit   '@protobufjs/eventemitter': [ '1.1.0' ],
48 silly audit   '@protobufjs/fetch': [ '1.1.0' ],
48 silly audit   '@protobufjs/float': [ '1.0.2' ],
48 silly audit   '@protobufjs/inquire': [ '1.1.0' ],
48 silly audit   '@protobufjs/path': [ '1.1.2' ],
48 silly audit   '@protobufjs/pool': [ '1.1.0' ],
48 silly audit   '@protobufjs/utf8': [ '1.1.0' ],
48 silly audit   '@sindresorhus/is': [ '0.14.0' ],
48 silly audit   '@szmarczak/http-timer': [ '1.1.2' ],
48 silly audit   '@tokenizer/token': [ '0.3.0' ],
48 silly audit   '@types/long': [ '4.0.2' ],
48 silly audit   '@types/node': [ '16.9.1', '10.17.60' ],
48 silly audit   '@vitalets/google-translate-api': [ '8.0.0' ],
48 silly audit   'ansi-regex': [ '2.1.1', '3.0.1' ],
48 silly audit   'ansi-styles': [ '4.3.0' ],
48 silly audit   'any-base': [ '1.1.0' ],
48 silly audit   async: [ '3.2.4' ],
48 silly audit   'async.parallellimit': [ '0.5.2' ],
48 silly audit   'async.util.eachoflimit': [ '0.5.2' ],
48 silly audit   'async.util.isarray': [ '0.5.2' ],
48 silly audit   'async.util.isarraylike': [ '0.5.2' ],
48 silly audit   'async.util.keyiterator': [ '0.5.2' ],
48 silly audit   'async.util.keys': [ '0.5.2' ],
48 silly audit   'async.util.noop': [ '0.5.2' ],
48 silly audit   'async.util.once': [ '0.5.2' ],
48 silly audit   'async.util.onlyonce': [ '0.5.2' ],
48 silly audit   'async.util.parallel': [ '0.5.2' ],
48 silly audit   'async.util.restparam': [ '0.5.2' ],
48 silly audit   asynckit: [ '0.4.0' ],
48 silly audit   'atomic-sleep': [ '1.0.0' ],
48 silly audit   'balanced-match': [ '1.0.2' ],
48 silly audit   'base64-js': [ '1.5.1' ],
48 silly audit   bluebird: [ '3.7.2' ],
48 silly audit   'bmp-js': [ '0.1.0' ],
48 silly audit   boolbase: [ '1.0.0' ],
48 silly audit   boolstring: [ '1.0.2' ],
48 silly audit   'brace-expansion': [ '1.1.11' ],
48 silly audit   'brainly-scraper-v2': [ '1.1.2' ],
48 silly audit   buffer: [ '5.7.1' ],
48 silly audit   'buffer-equal': [ '0.0.1' ],
48 silly audit   'cacheable-request': [ '6.1.0' ],
48 silly audit   'get-stream': [ '5.2.0', '4.1.0' ],
48 silly audit   'lowercase-keys': [ '2.0.0', '1.0.1' ],
48 silly audit   camelcase: [ '4.1.0' ],
48 silly audit   chalk: [ '4.1.2' ],
48 silly audit   cheerio: [ '1.0.0-rc.12', '1.0.0-rc.10' ],
48 silly audit   'cheerio-select': [ '2.1.0', '1.6.0' ],
48 silly audit   'cli-color': [ '1.2.0' ],
48 silly audit   clone: [ '2.1.2' ],
48 silly audit   'clone-response': [ '1.0.3' ],
48 silly audit   'color-convert': [ '2.0.1' ],
48 silly audit   'color-name': [ '1.1.4' ],
48 silly audit   'combined-stream': [ '1.0.8' ],
48 silly audit   'concat-map': [ '0.0.1' ],
48 silly audit   configstore: [ '5.0.1' ],
48 silly audit   'content-type': [ '1.0.5' ],
48 silly audit   'cross-fetch': [ '3.1.5' ],
48 silly audit   'crypto-random-string': [ '2.0.0' ],
48 silly audit   'css-select': [ '5.1.0', '4.3.0' ],
48 silly audit   'css-what': [ '6.1.0' ],
48 silly audit   'curve25519-js': [ '0.0.4' ],
48 silly audit   d: [ '1.0.1' ],
48 silly audit   dasu: [ '0.4.3' ],
48 silly audit   debug: [ '4.3.4' ],
48 silly audit   ms: [ '2.1.2', '2.1.3' ],
48 silly audit   'decompress-response': [ '3.3.0' ],
48 silly audit   'defer-to-connect': [ '1.1.3' ],
48 silly audit   'delayed-stream': [ '1.0.0' ],
48 silly audit   'dom-serializer': [ '2.0.0', '1.4.1' ],
48 silly audit   'dom-walk': [ '0.1.2' ],
48 silly audit   domelementtype: [ '2.3.0' ],
48 silly audit   domhandler: [ '5.0.3', '4.3.1' ],
48 silly audit   domutils: [ '3.1.0', '2.8.0' ],
48 silly audit   'dot-prop': [ '5.3.0' ],
48 silly audit   duplexer3: [ '0.1.5' ],
48 silly audit   duplexify: [ '4.1.2' ],
48 silly audit   'end-of-stream': [ '1.4.4' ],
48 silly audit   entities: [ '4.5.0', '2.2.0' ],
48 silly audit   'es5-ext': [ '0.10.62' ],
48 silly audit   'es6-iterator': [ '2.0.3' ],
48 silly audit   'es6-symbol': [ '3.1.3' ],
48 silly audit   'es6-weak-map': [ '2.0.3' ],
48 silly audit   'event-emitter': [ '0.3.5' ],
48 silly audit   'exif-parser': [ '0.1.12' ],
48 silly audit   ext: [ '1.7.0' ],
48 silly audit   type: [ '2.7.2', '1.2.0' ],
48 silly audit   'fast-redact': [ '3.1.2' ],
48 silly audit   'fluent-ffmpeg': [ '2.1.2' ],
48 silly audit   'follow-redirects': [ '1.15.2' ],
48 silly audit   'form-data': [ '4.0.0' ],
48 silly audit   'futoin-hkdf': [ '1.5.2' ],
48 silly audit   gifwrap: [ '0.9.4' ],
48 silly audit   global: [ '4.4.0' ],
48 silly audit   googlethis: [ '1.7.1' ],
48 silly audit   htmlparser2: [ '6.1.0', '8.0.2' ],
48 silly audit   parse5: [ '6.0.1', '7.1.2' ],
48 silly audit   'parse5-htmlparser2-tree-adapter': [ '6.0.1', '7.0.0' ],
48 silly audit   got: [ '9.6.0' ],
48 silly audit   'graceful-fs': [ '4.2.11' ],
48 silly audit   'has-flag': [ '4.0.0' ],
48 silly audit   'http-cache-semantics': [ '4.1.1' ],
48 silly audit   'human-readable': [ '0.2.1' ],
48 silly audit   'human-time': [ '0.0.2' ],
48 silly audit   hyntax: [ '1.1.9' ],
48 silly audit   ieee754: [ '1.2.1' ],
48 silly audit   'image-q': [ '4.0.0' ],
48 silly audit   imurmurhash: [ '0.1.4' ],
48 silly audit   'infobox-parser': [ '3.6.2' ],
48 silly audit   inherits: [ '2.0.4' ],
48 silly audit   'is-fullwidth-code-point': [ '2.0.0' ],
48 silly audit   'is-function': [ '1.0.2' ],
48 silly audit   'is-obj': [ '2.0.0' ],
48 silly audit   'is-promise': [ '2.2.2' ],
48 silly audit   'is-typedarray': [ '1.0.0' ],
48 silly audit   isexe: [ '2.0.0' ],
48 silly audit   jimp: [ '0.16.13' ],
48 silly audit   'jpeg-js': [ '0.4.4' ],
48 silly audit   'json-buffer': [ '3.0.0' ],
48 silly audit   'json-stringify-safe': [ '5.0.1' ],
48 silly audit   'jsonpath-plus': [ '5.0.7' ],
48 silly audit   keypress: [ '0.2.1' ],
48 silly audit   keyv: [ '3.1.0' ],
48 silly audit   libsignal: [ '2.0.1' ],
48 silly audit   protobufjs: [ '6.8.8', '6.11.3' ],
48 silly audit   'load-bmfont': [ '1.4.1' ],
48 silly audit   long: [ '4.0.0' ],
48 silly audit   'lru-queue': [ '0.1.0' ],
48 silly audit   'make-dir': [ '3.1.0' ],
48 silly audit   'media-typer': [ '1.1.0' ],
48 silly audit   memoizee: [ '0.4.15' ],
48 silly audit   mime: [ '1.6.0' ],
48 silly audit   'mime-db': [ '1.52.0' ],
48 silly audit   'mime-types': [ '2.1.35' ],
48 silly audit   'mimic-response': [ '1.0.1' ],
48 silly audit   'min-document': [ '2.19.0' ],
48 silly audit   minimatch: [ '3.0.8' ],
48 silly audit   minimist: [ '1.2.8' ],
48 silly audit   mkdirp: [ '0.5.6' ],
48 silly audit   moment: [ '2.29.4' ],
48 silly audit   'moment-timezone': [ '0.5.43' ],
48 silly audit   'music-metadata': [ '7.13.4' ],
48 silly audit   'next-tick': [ '1.1.0' ],
48 silly audit   'node-cache': [ '5.1.2' ],
48 silly audit   'node-cron': [ '3.0.2' ],
48 silly audit   'node-fetch': [ '2.6.7' ],
48 silly audit   'node-fzf': [ '0.5.3' ],
48 silly audit   'normalize-url': [ '4.5.1' ],
48 silly audit   'nth-check': [ '2.1.1' ],
48 silly audit   omggif: [ '1.0.10' ],
48 silly audit   'on-exit-leak-free': [ '0.2.0' ],
48 silly audit   once: [ '1.4.0' ],
48 silly audit   'p-cancelable': [ '1.1.0' ],
48 silly audit   pako: [ '1.0.11' ],
48 silly audit   'parse-bmfont-ascii': [ '1.0.6' ],
48 silly audit   'parse-bmfont-binary': [ '1.0.6' ],
48 silly audit   'parse-bmfont-xml': [ '1.1.4' ],
48 silly audit   'parse-headers': [ '2.0.5' ],
48 silly audit   'parse-ms': [ '2.1.0' ],
48 silly audit   'peek-readable': [ '4.1.0' ],
48 silly audit   phin: [ '2.9.3' ],
48 silly audit   pino: [ '7.11.0' ],
48 silly audit   'pino-abstract-transport': [ '0.5.0' ],
48 silly audit   'pino-std-serializers': [ '4.0.0' ],
48 silly audit   pixelmatch: [ '4.0.2' ],
48 silly audit   pngjs: [ '3.4.0' ],
48 silly audit   'prepend-http': [ '2.0.0' ],
48 silly audit   process: [ '0.11.10' ],
48 silly audit   'process-warning': [ '1.0.0' ],
48 silly audit   pump: [ '3.0.0' ],
48 silly audit   'qrcode-terminal': [ '0.12.0' ],
48 silly audit   'quick-format-unescaped': [ '4.0.4' ],
48 silly audit   'random-seed': [ '0.3.0' ],
48 silly audit   'random-useragent': [ '0.5.0' ],
48 silly audit   'readable-stream': [ '3.6.2' ],
48 silly audit   'readable-web-to-node-stream': [ '3.0.2' ],
48 silly audit   'real-require': [ '0.1.0' ],
48 silly audit   redstar: [ '0.0.2' ],
48 silly audit   'regenerator-runtime': [ '0.13.11' ],
48 silly audit   responselike: [ '1.0.2' ],
48 silly audit   'safe-buffer': [ '5.2.1' ],
48 silly audit   'safe-stable-stringify': [ '2.4.3' ],
48 silly audit   sax: [ '1.2.4' ],
48 silly audit   semver: [ '6.3.0' ],
48 silly audit   'signal-exit': [ '3.0.7' ],
48 silly audit   'sonic-boom': [ '2.8.0' ],
48 silly audit   split2: [ '4.2.0' ],
48 silly audit   'stream-shift': [ '1.0.1' ],
48 silly audit   string_decoder: [ '1.3.0' ],
48 silly audit   'string-width': [ '2.1.1' ],
48 silly audit   'strip-ansi': [ '4.0.0' ],
48 silly audit   strtok3: [ '6.3.0' ],
48 silly audit   'supports-color': [ '7.2.0' ],
48 silly audit   'thread-stream': [ '0.15.2' ],
48 silly audit   'timers-ext': [ '0.1.7' ],
48 silly audit   timm: [ '1.7.1' ],
48 silly audit   tinycolor2: [ '1.6.0' ],
48 silly audit   'to-readable-stream': [ '1.0.0' ],
48 silly audit   'token-types': [ '4.2.1' ],
48 silly audit   tr46: [ '0.0.3' ],
48 silly audit   tslib: [ '2.5.0' ],
48 silly audit   ttys: [ '0.0.3' ],
48 silly audit   'typedarray-to-buffer': [ '3.1.5' ],
48 silly audit   'unique-string': [ '2.0.0' ],
48 silly audit   unraw: [ '2.0.1' ],
48 silly audit   'url-parse-lax': [ '3.0.0' ],
48 silly audit   utif: [ '2.0.1' ],
48 silly audit   'util-deprecate': [ '1.0.2' ],
48 silly audit   uuid: [ '8.3.2' ],
48 silly audit   'webidl-conversions': [ '3.0.1' ],
48 silly audit   'webp-converter': [ '2.3.3' ],
48 silly audit   'whatwg-url': [ '5.0.0' ],
48 silly audit   which: [ '1.3.1' ],
48 silly audit   wikijs: [ '6.4.1' ],
48 silly audit   wrappy: [ '1.0.2' ],
48 silly audit   'write-file-atomic': [ '3.0.3' ],
48 silly audit   ws: [ '8.13.0' ],
48 silly audit   'xdg-basedir': [ '4.0.0' ],
48 silly audit   xhr: [ '2.6.0' ],
48 silly audit   'xml-parse-from-string': [ '1.0.1' ],
48 silly audit   xml2js: [ '0.4.23' ],
48 silly audit   xmlbuilder: [ '11.0.1' ],
48 silly audit   xtend: [ '4.0.2' ],
48 silly audit   'yt-search': [ '2.10.4' ]
48 silly audit }
49 timing reify:unpack Completed in 1ms
50 timing reify:unretire Completed in 0ms
51 timing build:queue Completed in 0ms
52 timing build:deps Completed in 1ms
53 timing build Completed in 1ms
54 timing reify:build Completed in 68ms
55 timing reify:trash Completed in 0ms
56 timing reify:save Completed in 325ms
57 http fetch POST 200 https://registry.npmjs.org/-/npm/v1/security/advisories/bulk 1086ms
58 timing auditReport:getReport Completed in 1200ms
59 silly audit report {
59 silly audit report   'file-type': [
59 silly audit report     {
59 silly audit report       id: 1089123,
59 silly audit report       url: 'https://github.com/advisories/GHSA-mhxj-85r3-2x55',
59 silly audit report       title: 'file-type vulnerable to Infinite Loop via malformed MKV file',
59 silly audit report       severity: 'high',
59 silly audit report       vulnerable_versions: '>=13.0.0 <16.5.4',
59 silly audit report       cwe: [Array],
59 silly audit report       cvss: [Object]
59 silly audit report     }
59 silly audit report   ],
59 silly audit report   got: [
59 silly audit report     {
59 silly audit report       id: 1088948,
59 silly audit report       url: 'https://github.com/advisories/GHSA-pfrx-2q88-qq97',
59 silly audit report       title: 'Got allows a redirect to a UNIX socket',
59 silly audit report       severity: 'moderate',
59 silly audit report       vulnerable_versions: '<11.8.5',
59 silly audit report       cwe: [],
59 silly audit report       cvss: [Object]
59 silly audit report     }
59 silly audit report   ],
59 silly audit report   xml2js: [
59 silly audit report     {
59 silly audit report       id: 1091837,
59 silly audit report       url: 'https://github.com/advisories/GHSA-776f-qx25-q3cc',
59 silly audit report       title: 'xml2js is vulnerable to prototype pollution ',
59 silly audit report       severity: 'moderate',
59 silly audit report       vulnerable_versions: '<0.5.0',
59 silly audit report       cwe: [Array],
59 silly audit report       cvss: [Object]
59 silly audit report     }
59 silly audit report   ]
59 silly audit report }
60 timing metavuln:cache:get:security-advisory:file-type:U3kvOSzehU1LgpSQwyXK05kbZijOuJCcfVZzC5kUsg1mq1zKuLTZ4Qt6uYIY0hSVq1VNm1+2v+cYzc5I6dfIGg== Completed in 7ms
61 timing metavuln:cache:get:security-advisory:got:6RwqOtyKHRfIYfVtDkU86+jmAkm03OLYFGvOQUWcpuzfU8h8RNz3w5ZFTGeJ+8QNC0jGK3xFL9UvdqMN+kLCrg== Completed in 8ms
62 timing metavuln:cache:get:security-advisory:xml2js:cem4j+a81otlg3Y4QVfkHSAUYHtVn3M7679cXa/GaYzkeO46MeLDolg3K7omxkZB7maptIJDRsayskGK1ICYeQ== Completed in 7ms
63 http fetch GET 200 https://registry.npmjs.org/xml2js 617ms (cache miss)
64 timing metavuln:packument:xml2js Completed in 619ms
65 timing metavuln:load:security-advisory:xml2js:1091837 Completed in 9ms
66 http fetch GET 200 https://registry.npmjs.org/file-type 718ms (cache miss)
67 timing metavuln:packument:file-type Completed in 722ms
68 timing metavuln:load:security-advisory:file-type:1089123 Completed in 191ms
69 timing metavuln:cache:put:security-advisory:xml2js:cem4j+a81otlg3Y4QVfkHSAUYHtVn3M7679cXa/GaYzkeO46MeLDolg3K7omxkZB7maptIJDRsayskGK1ICYeQ== Completed in 381ms
70 timing metavuln:calculate:security-advisory:xml2js:1091837 Completed in 1009ms
71 timing metavuln:cache:put:security-advisory:file-type:U3kvOSzehU1LgpSQwyXK05kbZijOuJCcfVZzC5kUsg1mq1zKuLTZ4Qt6uYIY0hSVq1VNm1+2v+cYzc5I6dfIGg== Completed in 106ms
72 timing metavuln:calculate:security-advisory:file-type:1089123 Completed in 1021ms
73 http fetch GET 200 https://registry.npmjs.org/npm 4519ms (cache miss)
74 http fetch GET 200 https://registry.npmjs.org/got 1208ms (cache miss)
75 timing metavuln:packument:got Completed in 1213ms
76 timing metavuln:load:security-advisory:got:1088948 Completed in 10ms
77 timing metavuln:cache:put:security-advisory:got:6RwqOtyKHRfIYfVtDkU86+jmAkm03OLYFGvOQUWcpuzfU8h8RNz3w5ZFTGeJ+8QNC0jGK3xFL9UvdqMN+kLCrg== Completed in 84ms
78 timing metavuln:calculate:security-advisory:got:1088948 Completed in 1308ms
79 timing metavuln:cache:get:security-advisory:@vitalets/google-translate-api:0C3eRZhbpddtOz9EgKImrD71c8Xcj3xJXX2FuzlKOmhNv9PEmH0mMRLEgpjEBAmYcb2pJeDR+au5ak7dU7f3AQ== Completed in 5ms
80 http fetch GET 200 https://registry.npmjs.org/@vitalets%2fgoogle-translate-api 1815ms (cache miss)
81 timing metavuln:packument:@vitalets/google-translate-api Completed in 1816ms
82 timing metavuln:load:security-advisory:@vitalets/google-translate-api:6RwqOtyKHRfIYfVtDkU86+jmAkm03OLYFGvOQUWcpuzfU8h8RNz3w5ZFTGeJ+8QNC0jGK3xFL9UvdqMN+kLCrg== Completed in 9ms
83 timing metavuln:cache:put:security-advisory:@vitalets/google-translate-api:0C3eRZhbpddtOz9EgKImrD71c8Xcj3xJXX2FuzlKOmhNv9PEmH0mMRLEgpjEBAmYcb2pJeDR+au5ak7dU7f3AQ== Completed in 80ms
84 timing metavuln:calculate:security-advisory:@vitalets/google-translate-api:6RwqOtyKHRfIYfVtDkU86+jmAkm03OLYFGvOQUWcpuzfU8h8RNz3w5ZFTGeJ+8QNC0jGK3xFL9UvdqMN+kLCrg== Completed in 1907ms
85 timing metavuln:cache:get:security-advisory:parse-bmfont-xml:lV8cOSc1EuqGt6rcbxLHckCFl97ZfGEleONTSOOwKs8ZbZwzjura9RYJ8sCrUuobbPUzBD+nSjwj+kgRfjOXSw== Completed in 1ms
86 http fetch GET 200 https://registry.npmjs.org/parse-bmfont-xml 96ms (cache miss)
87 timing metavuln:packument:parse-bmfont-xml Completed in 96ms
88 timing metavuln:load:security-advisory:parse-bmfont-xml:cem4j+a81otlg3Y4QVfkHSAUYHtVn3M7679cXa/GaYzkeO46MeLDolg3K7omxkZB7maptIJDRsayskGK1ICYeQ== Completed in 2ms
89 timing metavuln:cache:put:security-advisory:parse-bmfont-xml:lV8cOSc1EuqGt6rcbxLHckCFl97ZfGEleONTSOOwKs8ZbZwzjura9RYJ8sCrUuobbPUzBD+nSjwj+kgRfjOXSw== Completed in 5ms
90 timing metavuln:calculate:security-advisory:parse-bmfont-xml:cem4j+a81otlg3Y4QVfkHSAUYHtVn3M7679cXa/GaYzkeO46MeLDolg3K7omxkZB7maptIJDRsayskGK1ICYeQ== Completed in 103ms
91 timing metavuln:cache:get:security-advisory:load-bmfont:SHMLP8MF6fK39BIaMmn324EveomRVcVpUiLCwpWA5deN7gwnGmo8jru663hx2dWI3bqpdz9Y8/aJ2/4ApBeKxQ== Completed in 1ms
92 http fetch GET 200 https://registry.npmjs.org/load-bmfont 90ms (cache miss)
93 timing metavuln:packument:load-bmfont Completed in 92ms
94 timing metavuln:load:security-advisory:load-bmfont:lV8cOSc1EuqGt6rcbxLHckCFl97ZfGEleONTSOOwKs8ZbZwzjura9RYJ8sCrUuobbPUzBD+nSjwj+kgRfjOXSw== Completed in 1ms
95 timing metavuln:cache:put:security-advisory:load-bmfont:SHMLP8MF6fK39BIaMmn324EveomRVcVpUiLCwpWA5deN7gwnGmo8jru663hx2dWI3bqpdz9Y8/aJ2/4ApBeKxQ== Completed in 11ms
96 timing metavuln:calculate:security-advisory:load-bmfont:lV8cOSc1EuqGt6rcbxLHckCFl97ZfGEleONTSOOwKs8ZbZwzjura9RYJ8sCrUuobbPUzBD+nSjwj+kgRfjOXSw== Completed in 106ms
97 timing metavuln:cache:get:security-advisory:@jimp/core:fUZ5hxlkX3kN9aoixPLpLdWsr3QuRs9rLdRRW5t4g+WBi8DEsXCzjPcP6bqLK5tKsuYxm/2s0WRBXpURd9edyw== Completed in 3ms
98 timing metavuln:cache:get:security-advisory:@jimp/plugin-print:SIGCpK1sFHqew7h4a+M9+GoRS/kZ7GkiA+0p+oonLVx0LCisYBp3hRk9xBvvqUksYZSFXcciOcVcO6qSHAtauw== Completed in 3ms
99 http fetch GET 200 https://registry.npmjs.org/@jimp%2fplugin-print 284ms (cache miss)
100 timing metavuln:packument:@jimp/plugin-print Completed in 289ms
101 timing metavuln:load:security-advisory:@jimp/plugin-print:SHMLP8MF6fK39BIaMmn324EveomRVcVpUiLCwpWA5deN7gwnGmo8jru663hx2dWI3bqpdz9Y8/aJ2/4ApBeKxQ== Completed in 100ms
102 http fetch GET 200 https://registry.npmjs.org/@jimp%2fcore 397ms (cache miss)
103 timing metavuln:packument:@jimp/core Completed in 402ms
104 timing metavuln:load:security-advisory:@jimp/core:SHMLP8MF6fK39BIaMmn324EveomRVcVpUiLCwpWA5deN7gwnGmo8jru663hx2dWI3bqpdz9Y8/aJ2/4ApBeKxQ== Completed in 105ms
105 timing metavuln:cache:put:security-advisory:@jimp/plugin-print:SIGCpK1sFHqew7h4a+M9+GoRS/kZ7GkiA+0p+oonLVx0LCisYBp3hRk9xBvvqUksYZSFXcciOcVcO6qSHAtauw== Completed in 119ms
106 timing metavuln:calculate:security-advisory:@jimp/plugin-print:SHMLP8MF6fK39BIaMmn324EveomRVcVpUiLCwpWA5deN7gwnGmo8jru663hx2dWI3bqpdz9Y8/aJ2/4ApBeKxQ== Completed in 509ms
107 timing metavuln:cache:put:security-advisory:@jimp/core:fUZ5hxlkX3kN9aoixPLpLdWsr3QuRs9rLdRRW5t4g+WBi8DEsXCzjPcP6bqLK5tKsuYxm/2s0WRBXpURd9edyw== Completed in 71ms
108 timing metavuln:calculate:security-advisory:@jimp/core:SHMLP8MF6fK39BIaMmn324EveomRVcVpUiLCwpWA5deN7gwnGmo8jru663hx2dWI3bqpdz9Y8/aJ2/4ApBeKxQ== Completed in 579ms
109 timing metavuln:cache:get:security-advisory:@jimp/plugins:VzV08+lyJdIf+OECk7IanEChIMMYoJ93g0A+j4kkLrIOsgPTiFhwbqVKDApy0+VO7O5ntchezSQ1JAd1C1/qeA== Completed in 3ms
110 http fetch GET 200 https://registry.npmjs.org/@jimp%2fplugins 306ms (cache miss)
111 timing metavuln:packument:@jimp/plugins Completed in 312ms
112 timing metavuln:load:security-advisory:@jimp/plugins:SIGCpK1sFHqew7h4a+M9+GoRS/kZ7GkiA+0p+oonLVx0LCisYBp3hRk9xBvvqUksYZSFXcciOcVcO6qSHAtauw== Completed in 1294ms
113 timing metavuln:cache:put:security-advisory:@jimp/plugins:VzV08+lyJdIf+OECk7IanEChIMMYoJ93g0A+j4kkLrIOsgPTiFhwbqVKDApy0+VO7O5ntchezSQ1JAd1C1/qeA== Completed in 204ms
114 timing metavuln:calculate:security-advisory:@jimp/plugins:SIGCpK1sFHqew7h4a+M9+GoRS/kZ7GkiA+0p+oonLVx0LCisYBp3hRk9xBvvqUksYZSFXcciOcVcO6qSHAtauw== Completed in 1812ms
115 timing metavuln:cache:get:security-advisory:@jimp/custom:2oJW9dt1LzfzWLy6W2nkBLW8k76vj3QP5LpFi0xF3IKNyIkZKRz0hxYT+6c21TsMIUH1iQgylpSQWUGO6HmhZA== Completed in 3ms
116 http fetch GET 200 https://registry.npmjs.org/@jimp%2fcustom 232ms (cache miss)
117 timing metavuln:packument:@jimp/custom Completed in 294ms
118 timing metavuln:load:security-advisory:@jimp/custom:fUZ5hxlkX3kN9aoixPLpLdWsr3QuRs9rLdRRW5t4g+WBi8DEsXCzjPcP6bqLK5tKsuYxm/2s0WRBXpURd9edyw== Completed in 532ms
119 timing metavuln:cache:put:security-advisory:@jimp/custom:2oJW9dt1LzfzWLy6W2nkBLW8k76vj3QP5LpFi0xF3IKNyIkZKRz0hxYT+6c21TsMIUH1iQgylpSQWUGO6HmhZA== Completed in 574ms
120 timing metavuln:calculate:security-advisory:@jimp/custom:fUZ5hxlkX3kN9aoixPLpLdWsr3QuRs9rLdRRW5t4g+WBi8DEsXCzjPcP6bqLK5tKsuYxm/2s0WRBXpURd9edyw== Completed in 1401ms
121 timing metavuln:cache:get:security-advisory:jimp:RtSFKBYhatAmlWqlWuTDn57xqWmPwDUy1dfJbtfZVYpNpmemu/ExUJk2WZEX1UVaQenqAk5g3zqEgsImahjTqQ== Completed in 8ms
122 http fetch GET 200 https://registry.npmjs.org/jimp 407ms (cache miss)
123 timing metavuln:packument:jimp Completed in 415ms
124 timing metavuln:load:security-advisory:jimp:VzV08+lyJdIf+OECk7IanEChIMMYoJ93g0A+j4kkLrIOsgPTiFhwbqVKDApy0+VO7O5ntchezSQ1JAd1C1/qeA== Completed in 487ms
125 timing metavuln:cache:put:security-advisory:jimp:RtSFKBYhatAmlWqlWuTDn57xqWmPwDUy1dfJbtfZVYpNpmemu/ExUJk2WZEX1UVaQenqAk5g3zqEgsImahjTqQ== Completed in 16ms
126 timing metavuln:calculate:security-advisory:jimp:VzV08+lyJdIf+OECk7IanEChIMMYoJ93g0A+j4kkLrIOsgPTiFhwbqVKDApy0+VO7O5ntchezSQ1JAd1C1/qeA== Completed in 920ms
127 timing metavuln:cache:get:security-advisory:@jimp/bmp:uYhwv5G0pbAlz5E2Xs/1lbLx47iuqON1FTQ2jhixYNKCu3GM6SsMg9OXiJ9kOAW0LxMKV9H0vXgzqJ9RTySIrQ== Completed in 189ms
128 timing metavuln:cache:get:security-advisory:@jimp/gif:FlPfQMTFEaf5DnZYwvN3Xs+1W42BxE5sqCR9jXkW1egv1ENtM+Wye6HO92y6fWLDkw5TW2jAo+Ea8pS1GEpSFw== Completed in 188ms
129 timing metavuln:cache:get:security-advisory:@jimp/jpeg:gABm7i07mtMORW+acOZhwjimNCOqvSr0WG7U3IrSEIe4dXzHTp0KWMvsExu6sGzj5tFci0OU4Io0xPT5WKvEkw== Completed in 187ms
130 timing metavuln:cache:get:security-advisory:@jimp/plugin-blit:4gHlBj71XYR8DPUmWAeEWbZvMm/3BAXonTw+y3yxwm0uP1pwokVaTHZF4hXcJQABhkY/FgO0r0i/wV01yFdgKw== Completed in 187ms
131 timing metavuln:cache:get:security-advisory:@jimp/plugin-blur:UJspLHvP3ZeUoBSUGGTv45wsY8Jd2KO862b5yj7tHYcKjGVwZdMmhKIvIBeyJZmbejczXfzjjGAE9mACoclg8g== Completed in 187ms
132 timing metavuln:cache:get:security-advisory:@jimp/plugin-circle:bZatUhnoIsjOun91o6ek53EQ0WCa1Kgp/cIvvoH6aKnBhsVmuy+YSFJaB1tJ3FqRX9o6mkmjGGxR4yq0ZQ46IA== Completed in 186ms
133 timing metavuln:cache:get:security-advisory:@jimp/plugin-color:DpaLZcKp0xsYqjSFvN6m3k6KjZvE3g3sER5edYBvw1rWPbj8p3LDtuQEQRCJ7vdbC8Eujht+3x5LCG66Iiug1w== Completed in 185ms
134 timing metavuln:cache:get:security-advisory:@jimp/plugin-contain:1RaMdqELA7q7+VglILFFIb+ZW/eCsgMDOUKeatIXM/xAYuKqhdUME3myarKiKp4G8PRzhTZyshLlSsVYw78hFg== Completed in 185ms
135 timing metavuln:cache:get:security-advisory:@jimp/plugin-cover:glBssT2t5AnDL6KKHIosEzVcBdfqcSWYiw+DNPLvpSdZrFqmUUIDq3MgKDBxo+/+dGoL4ShQnq/doMxdA0SISg== Completed in 184ms
136 timing metavuln:cache:get:security-advisory:@jimp/plugin-crop:BZYBr66mbcl9LSEwagSMnpPlPLk+oIq8UvGrW1qCg7g4HsOGm/Yhleu3bEACz2CnAxHbqW/f2AASs577cORk7Q== Completed in 180ms
137 timing metavuln:cache:get:security-advisory:@jimp/plugin-displace:hZXvZf1H+Y9dk2QhVcBmf93G+B12Zs9TJv4z0hLpDPvoqPLZL1e0i8Xga8ADmHl4Xasdbq3oyjNkEf7+iY1fhg== Completed in 179ms
138 timing metavuln:cache:get:security-advisory:@jimp/plugin-dither:cfJ7v63tuMe5pzvCbdcZjXsnvLQVoMCUP+C6cuS5vNN+6S2yoEQ2Xz9T+csoRguewdDzdkkVdjASURo19tcG9g== Completed in 179ms
139 timing metavuln:cache:get:security-advisory:@jimp/plugin-fisheye:qwrNdLAJ45U5VZr1NpYKtCFmSRataXaJVZpJvT9ZRVnV/Kpryaag5+y779hjo9uCEGUV+afkR+QVyNH7DF8PWw== Completed in 111ms
140 timing metavuln:cache:get:security-advisory:@jimp/plugin-flip:G5HHUc+7WxVHEXVTIIFWwmYFR24cmx9OeIekc2OspX24AthavBpf8SXx9HODZDa3AvyVptcRPXR+t/QOtNtlTw== Completed in 109ms
141 timing metavuln:cache:get:security-advisory:@jimp/plugin-gaussian:3PYL2d4zc7xRZW+Hsk2IF9JQ2p2IcXORqrPv8lQ6sv70TiUX2U5OWMeMpW84rtM/XnTVk+6l1aOkZejPaXMPbg== Completed in 108ms
142 timing metavuln:cache:get:security-advisory:@jimp/plugin-invert:bQ0K6UhG4DCP6q2DaWjPFAOlvrM+hHbtMjCCvmN3jn56nhBU0bcESFUP7fWV8VbJfyIO9nVaZrS3LcvLgbDtqg== Completed in 107ms
143 timing metavuln:cache:get:security-advisory:@jimp/plugin-mask:GGme9VuzCLXUiaMA5ceIpBqW74g0cVt10Iraq5pbQB/1faOWQOfKuImEvayyexsY1kycZxk+aBEY1RK48aLh9w== Completed in 104ms
144 timing metavuln:cache:get:security-advisory:@jimp/plugin-normalize:+4F2DJTSVCPXEpQ5gvCWbhAl5SLfpoJhSrS8Gr1TDgYl7beDR3YWmcniS2QPfyZOHV87PKbp3+u7xoLCax7p+g== Completed in 103ms
145 timing metavuln:cache:get:security-advisory:@jimp/plugin-print:/1eKJBiDgNvWORK9pQjOPZLz9No+sEZ9gxigZ0FonrqexwbVvG9v+7AKIsowps0Vclq1maud0UP88fp9p+GpWg== Completed in 102ms
146 timing metavuln:load:security-advisory:@jimp/plugin-print:2oJW9dt1LzfzWLy6W2nkBLW8k76vj3QP5LpFi0xF3IKNyIkZKRz0hxYT+6c21TsMIUH1iQgylpSQWUGO6HmhZA== Completed in 19ms
147 timing metavuln:cache:get:security-advisory:@jimp/plugin-resize:FYJ6O6uzvjs+sNqoq0lwGJ6z+pvf8wCnEajswv6NUkfSJsl4MHq7gAAIwUpdChnwEZe2PikvRarpfDBef1ogpQ== Completed in 120ms
148 timing metavuln:cache:get:security-advisory:@jimp/plugin-rotate:bAvihgmjgG1e6sqUVfB07+9Y0M6u6OCNDcbePjGwyyXpTH9yxpjp+MYzqJgYSIyNnIVb/U2rTSAyDYZ+mMJw6Q== Completed in 120ms
149 timing metavuln:cache:get:security-advisory:@jimp/plugin-scale:X9zDHyy9f5liiEPoaT7PJUE+ifE/lrMwBOFx4Ur8PqLl/9lO3rlRAmiz9DoW9QPCUnbpfB7QLEwWgHxfWsUcWw== Completed in 119ms
150 timing metavuln:cache:get:security-advisory:@jimp/plugin-shadow:pQ1NnGtnRdBT0G6cU/VomCkLBHkuuJrfE2UyqFKnRAd0z9tQZUDYFTlYAMHkn5LXu3YUilwxIYYTEP6VbzLRYA== Completed in 114ms
151 timing metavuln:cache:get:security-advisory:@jimp/plugin-threshold:8COKwgxWkZoej2hIGH2tHLhjCtJbGrEvnV960crIF0haFE80kvBznBlTfiVcr/umCxAVNVn7xV3FKazrh+yEGQ== Completed in 110ms
152 timing metavuln:cache:get:security-advisory:@jimp/png:ylaUTJmgK64+fNffO2SmcSFirY29Uy7IWpG7rXOt6NHccxkS74mrZbuY0dP9HS/bq9Rjt6sQ6PBpo7yFsJJoLQ== Completed in 109ms
153 timing metavuln:cache:get:security-advisory:@jimp/plugins:YQ7OqVkLTgD/XFJetztYEQWIzPo7mrswMOlV4lhEYEQ+6NVj6dkuPvZuIZoQAaBQXkAfGmk8O1xwzjfI9mCBuw== Completed in 109ms
154 timing metavuln:load:security-advisory:@jimp/plugins:2oJW9dt1LzfzWLy6W2nkBLW8k76vj3QP5LpFi0xF3IKNyIkZKRz0hxYT+6c21TsMIUH1iQgylpSQWUGO6HmhZA== Completed in 85ms
155 timing metavuln:cache:get:security-advisory:@jimp/tiff:Vu0vHQOdbBvvoTa1sUk8y81sOOO5eRMr2Dv/OyzaV1r/sa6LJuz7C5ueaqMUrFkvRxeW3EoIiDxYj+cU6HuUmw== Completed in 190ms
156 timing metavuln:cache:get:security-advisory:@jimp/types:Ufr5HjSJtNXZPwpwgLloVGdbeW/K+rXBOfQfiScQyFEJiMLHrDHziuAoJ7UYcCzI+03DoaQHDgXbc5CmJJBuAQ== Completed in 189ms
157 timing metavuln:cache:get:security-advisory:jimp:P5sdTtuuzaYUCNScYxy4GTYoM0Y7h3Ov6W4kOkBjIW/5Q27oyoAhOZOYg9dPFj0dUdgUDok7GeC79FyB1yuMhg== Completed in 189ms
158 timing metavuln:load:security-advisory:jimp:2oJW9dt1LzfzWLy6W2nkBLW8k76vj3QP5LpFi0xF3IKNyIkZKRz0hxYT+6c21TsMIUH1iQgylpSQWUGO6HmhZA== Completed in 418ms
159 timing metavuln:cache:put:security-advisory:jimp:P5sdTtuuzaYUCNScYxy4GTYoM0Y7h3Ov6W4kOkBjIW/5Q27oyoAhOZOYg9dPFj0dUdgUDok7GeC79FyB1yuMhg== Completed in 1382ms
160 timing metavuln:calculate:security-advisory:jimp:2oJW9dt1LzfzWLy6W2nkBLW8k76vj3QP5LpFi0xF3IKNyIkZKRz0hxYT+6c21TsMIUH1iQgylpSQWUGO6HmhZA== Completed in 1990ms
161 timing metavuln:cache:put:security-advisory:@jimp/plugin-print:/1eKJBiDgNvWORK9pQjOPZLz9No+sEZ9gxigZ0FonrqexwbVvG9v+7AKIsowps0Vclq1maud0UP88fp9p+GpWg== Completed in 1902ms
162 timing metavuln:calculate:security-advisory:@jimp/plugin-print:2oJW9dt1LzfzWLy6W2nkBLW8k76vj3QP5LpFi0xF3IKNyIkZKRz0hxYT+6c21TsMIUH1iQgylpSQWUGO6HmhZA== Completed in 2023ms
163 timing metavuln:cache:put:security-advisory:@jimp/plugins:YQ7OqVkLTgD/XFJetztYEQWIzPo7mrswMOlV4lhEYEQ+6NVj6dkuPvZuIZoQAaBQXkAfGmk8O1xwzjfI9mCBuw== Completed in 1816ms
164 timing metavuln:calculate:security-advisory:@jimp/plugins:2oJW9dt1LzfzWLy6W2nkBLW8k76vj3QP5LpFi0xF3IKNyIkZKRz0hxYT+6c21TsMIUH1iQgylpSQWUGO6HmhZA== Completed in 2012ms
165 http fetch GET 200 https://registry.npmjs.org/@jimp%2fgif 2608ms (cache miss)
166 timing metavuln:packument:@jimp/gif Completed in 2612ms
167 timing metavuln:load:security-advisory:@jimp/gif:2oJW9dt1LzfzWLy6W2nkBLW8k76vj3QP5LpFi0xF3IKNyIkZKRz0hxYT+6c21TsMIUH1iQgylpSQWUGO6HmhZA== Completed in 84ms
168 http fetch GET 200 https://registry.npmjs.org/@jimp%2fbmp 2795ms (cache miss)
169 timing metavuln:packument:@jimp/bmp Completed in 2799ms
170 timing metavuln:load:security-advisory:@jimp/bmp:2oJW9dt1LzfzWLy6W2nkBLW8k76vj3QP5LpFi0xF3IKNyIkZKRz0hxYT+6c21TsMIUH1iQgylpSQWUGO6HmhZA== Completed in 16ms
171 http fetch GET 200 https://registry.npmjs.org/@jimp%2fplugin-invert 2904ms (cache miss)
172 timing metavuln:packument:@jimp/plugin-invert Completed in 2909ms
173 timing metavuln:load:security-advisory:@jimp/plugin-invert:2oJW9dt1LzfzWLy6W2nkBLW8k76vj3QP5LpFi0xF3IKNyIkZKRz0hxYT+6c21TsMIUH1iQgylpSQWUGO6HmhZA== Completed in 23ms
174 http fetch GET 200 https://registry.npmjs.org/@jimp%2fplugin-resize 2929ms (cache miss)
175 timing metavuln:packument:@jimp/plugin-resize Completed in 2933ms
176 timing metavuln:load:security-advisory:@jimp/plugin-resize:2oJW9dt1LzfzWLy6W2nkBLW8k76vj3QP5LpFi0xF3IKNyIkZKRz0hxYT+6c21TsMIUH1iQgylpSQWUGO6HmhZA== Completed in 87ms
177 http fetch GET 200 https://registry.npmjs.org/@jimp%2fplugin-mask 3028ms (cache miss)
178 timing metavuln:packument:@jimp/plugin-mask Completed in 3033ms
179 timing metavuln:load:security-advisory:@jimp/plugin-mask:2oJW9dt1LzfzWLy6W2nkBLW8k76vj3QP5LpFi0xF3IKNyIkZKRz0hxYT+6c21TsMIUH1iQgylpSQWUGO6HmhZA== Completed in 184ms
180 http fetch GET 200 https://registry.npmjs.org/@jimp%2fplugin-blit 3489ms (cache miss)
181 timing metavuln:packument:@jimp/plugin-blit Completed in 3497ms
182 timing metavuln:load:security-advisory:@jimp/plugin-blit:2oJW9dt1LzfzWLy6W2nkBLW8k76vj3QP5LpFi0xF3IKNyIkZKRz0hxYT+6c21TsMIUH1iQgylpSQWUGO6HmhZA== Completed in 97ms
183 http fetch GET 200 https://registry.npmjs.org/@jimp%2fplugin-normalize 3515ms (cache miss)
184 timing metavuln:packument:@jimp/plugin-normalize Completed in 3519ms
185 timing metavuln:load:security-advisory:@jimp/plugin-normalize:2oJW9dt1LzfzWLy6W2nkBLW8k76vj3QP5LpFi0xF3IKNyIkZKRz0hxYT+6c21TsMIUH1iQgylpSQWUGO6HmhZA== Completed in 15ms
186 http fetch GET 200 https://registry.npmjs.org/@jimp%2fplugin-scale 3607ms (cache miss)
187 timing metavuln:packument:@jimp/plugin-scale Completed in 3615ms
188 timing metavuln:load:security-advisory:@jimp/plugin-scale:2oJW9dt1LzfzWLy6W2nkBLW8k76vj3QP5LpFi0xF3IKNyIkZKRz0hxYT+6c21TsMIUH1iQgylpSQWUGO6HmhZA== Completed in 110ms
189 http fetch GET 200 https://registry.npmjs.org/@jimp%2fplugin-rotate 3808ms (cache miss)
190 timing metavuln:packument:@jimp/plugin-rotate Completed in 3814ms
191 timing metavuln:load:security-advisory:@jimp/plugin-rotate:2oJW9dt1LzfzWLy6W2nkBLW8k76vj3QP5LpFi0xF3IKNyIkZKRz0hxYT+6c21TsMIUH1iQgylpSQWUGO6HmhZA== Completed in 103ms
192 http fetch GET 200 https://registry.npmjs.org/@jimp%2ftiff 3912ms (cache miss)
193 timing metavuln:packument:@jimp/tiff Completed in 3998ms
194 timing metavuln:load:security-advisory:@jimp/tiff:2oJW9dt1LzfzWLy6W2nkBLW8k76vj3QP5LpFi0xF3IKNyIkZKRz0hxYT+6c21TsMIUH1iQgylpSQWUGO6HmhZA== Completed in 106ms
195 http fetch GET 200 https://registry.npmjs.org/@jimp%2fplugin-shadow 4201ms (cache miss)
196 timing metavuln:packument:@jimp/plugin-shadow Completed in 4207ms
197 timing metavuln:load:security-advisory:@jimp/plugin-shadow:2oJW9dt1LzfzWLy6W2nkBLW8k76vj3QP5LpFi0xF3IKNyIkZKRz0hxYT+6c21TsMIUH1iQgylpSQWUGO6HmhZA== Completed in 9ms
198 http fetch GET 200 https://registry.npmjs.org/@jimp%2fpng 4212ms (cache miss)
199 timing metavuln:packument:@jimp/png Completed in 4219ms
200 timing metavuln:load:security-advisory:@jimp/png:2oJW9dt1LzfzWLy6W2nkBLW8k76vj3QP5LpFi0xF3IKNyIkZKRz0hxYT+6c21TsMIUH1iQgylpSQWUGO6HmhZA== Completed in 88ms
201 http fetch GET 200 https://registry.npmjs.org/@jimp%2ftypes 4313ms (cache miss)
202 timing metavuln:packument:@jimp/types Completed in 4387ms
203 timing metavuln:load:security-advisory:@jimp/types:2oJW9dt1LzfzWLy6W2nkBLW8k76vj3QP5LpFi0xF3IKNyIkZKRz0hxYT+6c21TsMIUH1iQgylpSQWUGO6HmhZA== Completed in 23ms
204 timing metavuln:cache:put:security-advisory:@jimp/gif:FlPfQMTFEaf5DnZYwvN3Xs+1W42BxE5sqCR9jXkW1egv1ENtM+Wye6HO92y6fWLDkw5TW2jAo+Ea8pS1GEpSFw== Completed in 2017ms
205 timing metavuln:calculate:security-advisory:@jimp/gif:2oJW9dt1LzfzWLy6W2nkBLW8k76vj3QP5LpFi0xF3IKNyIkZKRz0hxYT+6c21TsMIUH1iQgylpSQWUGO6HmhZA== Completed in 4713ms
206 timing metavuln:cache:put:security-advisory:@jimp/bmp:uYhwv5G0pbAlz5E2Xs/1lbLx47iuqON1FTQ2jhixYNKCu3GM6SsMg9OXiJ9kOAW0LxMKV9H0vXgzqJ9RTySIrQ== Completed in 1905ms
207 timing metavuln:calculate:security-advisory:@jimp/bmp:2oJW9dt1LzfzWLy6W2nkBLW8k76vj3QP5LpFi0xF3IKNyIkZKRz0hxYT+6c21TsMIUH1iQgylpSQWUGO6HmhZA== Completed in 4721ms
208 timing metavuln:cache:put:security-advisory:@jimp/plugin-mask:GGme9VuzCLXUiaMA5ceIpBqW74g0cVt10Iraq5pbQB/1faOWQOfKuImEvayyexsY1kycZxk+aBEY1RK48aLh9w== Completed in 1425ms
209 timing metavuln:calculate:security-advisory:@jimp/plugin-mask:2oJW9dt1LzfzWLy6W2nkBLW8k76vj3QP5LpFi0xF3IKNyIkZKRz0hxYT+6c21TsMIUH1iQgylpSQWUGO6HmhZA== Completed in 4643ms
210 timing metavuln:cache:put:security-advisory:@jimp/plugin-invert:bQ0K6UhG4DCP6q2DaWjPFAOlvrM+hHbtMjCCvmN3jn56nhBU0bcESFUP7fWV8VbJfyIO9nVaZrS3LcvLgbDtqg== Completed in 1803ms
211 timing metavuln:calculate:security-advisory:@jimp/plugin-invert:2oJW9dt1LzfzWLy6W2nkBLW8k76vj3QP5LpFi0xF3IKNyIkZKRz0hxYT+6c21TsMIUH1iQgylpSQWUGO6HmhZA== Completed in 4736ms
212 timing metavuln:cache:put:security-advisory:@jimp/plugin-resize:FYJ6O6uzvjs+sNqoq0lwGJ6z+pvf8wCnEajswv6NUkfSJsl4MHq7gAAIwUpdChnwEZe2PikvRarpfDBef1ogpQ== Completed in 1710ms
213 timing metavuln:calculate:security-advisory:@jimp/plugin-resize:2oJW9dt1LzfzWLy6W2nkBLW8k76vj3QP5LpFi0xF3IKNyIkZKRz0hxYT+6c21TsMIUH1iQgylpSQWUGO6HmhZA== Completed in 4731ms
214 timing metavuln:cache:put:security-advisory:@jimp/plugin-blit:4gHlBj71XYR8DPUmWAeEWbZvMm/3BAXonTw+y3yxwm0uP1pwokVaTHZF4hXcJQABhkY/FgO0r0i/wV01yFdgKw== Completed in 1234ms
215 timing metavuln:calculate:security-advisory:@jimp/plugin-blit:2oJW9dt1LzfzWLy6W2nkBLW8k76vj3QP5LpFi0xF3IKNyIkZKRz0hxYT+6c21TsMIUH1iQgylpSQWUGO6HmhZA== Completed in 4828ms
216 timing metavuln:cache:put:security-advisory:@jimp/plugin-normalize:+4F2DJTSVCPXEpQ5gvCWbhAl5SLfpoJhSrS8Gr1TDgYl7beDR3YWmcniS2QPfyZOHV87PKbp3+u7xoLCax7p+g== Completed in 1208ms
217 timing metavuln:calculate:security-advisory:@jimp/plugin-normalize:2oJW9dt1LzfzWLy6W2nkBLW8k76vj3QP5LpFi0xF3IKNyIkZKRz0hxYT+6c21TsMIUH1iQgylpSQWUGO6HmhZA== Completed in 4742ms
218 timing metavuln:cache:put:security-advisory:@jimp/plugin-scale:X9zDHyy9f5liiEPoaT7PJUE+ifE/lrMwBOFx4Ur8PqLl/9lO3rlRAmiz9DoW9QPCUnbpfB7QLEwWgHxfWsUcWw== Completed in 1013ms
219 timing metavuln:calculate:security-advisory:@jimp/plugin-scale:2oJW9dt1LzfzWLy6W2nkBLW8k76vj3QP5LpFi0xF3IKNyIkZKRz0hxYT+6c21TsMIUH1iQgylpSQWUGO6HmhZA== Completed in 4739ms
220 timing metavuln:cache:put:security-advisory:@jimp/tiff:Vu0vHQOdbBvvoTa1sUk8y81sOOO5eRMr2Dv/OyzaV1r/sa6LJuz7C5ueaqMUrFkvRxeW3EoIiDxYj+cU6HuUmw== Completed in 619ms
221 timing metavuln:calculate:security-advisory:@jimp/tiff:2oJW9dt1LzfzWLy6W2nkBLW8k76vj3QP5LpFi0xF3IKNyIkZKRz0hxYT+6c21TsMIUH1iQgylpSQWUGO6HmhZA== Completed in 4725ms
222 timing metavuln:cache:put:security-advisory:@jimp/plugin-shadow:pQ1NnGtnRdBT0G6cU/VomCkLBHkuuJrfE2UyqFKnRAd0z9tQZUDYFTlYAMHkn5LXu3YUilwxIYYTEP6VbzLRYA== Completed in 518ms
223 timing metavuln:calculate:security-advisory:@jimp/plugin-shadow:2oJW9dt1LzfzWLy6W2nkBLW8k76vj3QP5LpFi0xF3IKNyIkZKRz0hxYT+6c21TsMIUH1iQgylpSQWUGO6HmhZA== Completed in 4735ms
224 timing metavuln:cache:put:security-advisory:@jimp/plugin-rotate:bAvihgmjgG1e6sqUVfB07+9Y0M6u6OCNDcbePjGwyyXpTH9yxpjp+MYzqJgYSIyNnIVb/U2rTSAyDYZ+mMJw6Q== Completed in 887ms
225 timing metavuln:calculate:security-advisory:@jimp/plugin-rotate:2oJW9dt1LzfzWLy6W2nkBLW8k76vj3QP5LpFi0xF3IKNyIkZKRz0hxYT+6c21TsMIUH1iQgylpSQWUGO6HmhZA== Completed in 4806ms
226 http fetch GET 200 https://registry.npmjs.org/@jimp%2fplugin-threshold 4807ms (cache miss)
227 timing metavuln:packument:@jimp/plugin-threshold Completed in 4811ms
228 timing metavuln:load:security-advisory:@jimp/plugin-threshold:2oJW9dt1LzfzWLy6W2nkBLW8k76vj3QP5LpFi0xF3IKNyIkZKRz0hxYT+6c21TsMIUH1iQgylpSQWUGO6HmhZA== Completed in 10ms
229 timing metavuln:cache:put:security-advisory:@jimp/png:ylaUTJmgK64+fNffO2SmcSFirY29Uy7IWpG7rXOt6NHccxkS74mrZbuY0dP9HS/bq9Rjt6sQ6PBpo7yFsJJoLQ== Completed in 514ms
230 timing metavuln:calculate:security-advisory:@jimp/png:2oJW9dt1LzfzWLy6W2nkBLW8k76vj3QP5LpFi0xF3IKNyIkZKRz0hxYT+6c21TsMIUH1iQgylpSQWUGO6HmhZA== Completed in 4822ms
231 timing metavuln:cache:put:security-advisory:@jimp/types:Ufr5HjSJtNXZPwpwgLloVGdbeW/K+rXBOfQfiScQyFEJiMLHrDHziuAoJ7UYcCzI+03DoaQHDgXbc5CmJJBuAQ== Completed in 406ms
232 timing metavuln:calculate:security-advisory:@jimp/types:2oJW9dt1LzfzWLy6W2nkBLW8k76vj3QP5LpFi0xF3IKNyIkZKRz0hxYT+6c21TsMIUH1iQgylpSQWUGO6HmhZA== Completed in 4817ms
233 http fetch GET 200 https://registry.npmjs.org/@jimp%2fjpeg 4925ms (cache miss)
234 timing metavuln:packument:@jimp/jpeg Completed in 4928ms
235 timing metavuln:load:security-advisory:@jimp/jpeg:2oJW9dt1LzfzWLy6W2nkBLW8k76vj3QP5LpFi0xF3IKNyIkZKRz0hxYT+6c21TsMIUH1iQgylpSQWUGO6HmhZA== Completed in 76ms
236 timing metavuln:cache:put:security-advisory:@jimp/plugin-threshold:8COKwgxWkZoej2hIGH2tHLhjCtJbGrEvnV960crIF0haFE80kvBznBlTfiVcr/umCxAVNVn7xV3FKazrh+yEGQ== Completed in 295ms
237 timing metavuln:calculate:security-advisory:@jimp/plugin-threshold:2oJW9dt1LzfzWLy6W2nkBLW8k76vj3QP5LpFi0xF3IKNyIkZKRz0hxYT+6c21TsMIUH1iQgylpSQWUGO6HmhZA== Completed in 5117ms
238 timing metavuln:cache:put:security-advisory:@jimp/jpeg:gABm7i07mtMORW+acOZhwjimNCOqvSr0WG7U3IrSEIe4dXzHTp0KWMvsExu6sGzj5tFci0OU4Io0xPT5WKvEkw== Completed in 506ms
239 timing metavuln:calculate:security-advisory:@jimp/jpeg:2oJW9dt1LzfzWLy6W2nkBLW8k76vj3QP5LpFi0xF3IKNyIkZKRz0hxYT+6c21TsMIUH1iQgylpSQWUGO6HmhZA== Completed in 5511ms
240 http fetch GET 200 https://registry.npmjs.org/@jimp%2fplugin-gaussian 5451ms (cache miss)
241 timing metavuln:packument:@jimp/plugin-gaussian Completed in 5527ms
242 timing metavuln:load:security-advisory:@jimp/plugin-gaussian:2oJW9dt1LzfzWLy6W2nkBLW8k76vj3QP5LpFi0xF3IKNyIkZKRz0hxYT+6c21TsMIUH1iQgylpSQWUGO6HmhZA== Completed in 17ms
243 http fetch GET 200 https://registry.npmjs.org/@jimp%2fplugin-dither 5556ms (cache miss)
244 timing metavuln:packument:@jimp/plugin-dither Completed in 5692ms
245 timing metavuln:load:security-advisory:@jimp/plugin-dither:2oJW9dt1LzfzWLy6W2nkBLW8k76vj3QP5LpFi0xF3IKNyIkZKRz0hxYT+6c21TsMIUH1iQgylpSQWUGO6HmhZA== Completed in 107ms
246 http fetch GET 200 https://registry.npmjs.org/@jimp%2fplugin-blur 5821ms (cache miss)
247 timing metavuln:packument:@jimp/plugin-blur Completed in 5826ms
248 timing metavuln:load:security-advisory:@jimp/plugin-blur:2oJW9dt1LzfzWLy6W2nkBLW8k76vj3QP5LpFi0xF3IKNyIkZKRz0hxYT+6c21TsMIUH1iQgylpSQWUGO6HmhZA== Completed in 100ms
249 http fetch GET 200 https://registry.npmjs.org/@jimp%2fplugin-circle 5930ms (cache miss)
250 timing metavuln:packument:@jimp/plugin-circle Completed in 5998ms
251 timing metavuln:load:security-advisory:@jimp/plugin-circle:2oJW9dt1LzfzWLy6W2nkBLW8k76vj3QP5LpFi0xF3IKNyIkZKRz0hxYT+6c21TsMIUH1iQgylpSQWUGO6HmhZA== Completed in 11ms
252 http fetch GET 200 https://registry.npmjs.org/@jimp%2fplugin-displace 6003ms (cache miss)
253 timing metavuln:packument:@jimp/plugin-displace Completed in 6008ms
254 timing metavuln:load:security-advisory:@jimp/plugin-displace:2oJW9dt1LzfzWLy6W2nkBLW8k76vj3QP5LpFi0xF3IKNyIkZKRz0hxYT+6c21TsMIUH1iQgylpSQWUGO6HmhZA== Completed in 86ms
255 http fetch GET 200 https://registry.npmjs.org/@jimp%2fplugin-color 6102ms (cache miss)
256 timing metavuln:packument:@jimp/plugin-color Completed in 6106ms
257 timing metavuln:load:security-advisory:@jimp/plugin-color:2oJW9dt1LzfzWLy6W2nkBLW8k76vj3QP5LpFi0xF3IKNyIkZKRz0hxYT+6c21TsMIUH1iQgylpSQWUGO6HmhZA== Completed in 22ms
258 http fetch GET 200 https://registry.npmjs.org/@jimp%2fplugin-cover 6190ms (cache miss)
259 timing metavuln:packument:@jimp/plugin-cover Completed in 6197ms
260 timing metavuln:load:security-advisory:@jimp/plugin-cover:2oJW9dt1LzfzWLy6W2nkBLW8k76vj3QP5LpFi0xF3IKNyIkZKRz0hxYT+6c21TsMIUH1iQgylpSQWUGO6HmhZA== Completed in 11ms
261 http fetch GET 200 https://registry.npmjs.org/@jimp%2fplugin-fisheye 6133ms (cache miss)
262 timing metavuln:packument:@jimp/plugin-fisheye Completed in 6137ms
263 timing metavuln:load:security-advisory:@jimp/plugin-fisheye:2oJW9dt1LzfzWLy6W2nkBLW8k76vj3QP5LpFi0xF3IKNyIkZKRz0hxYT+6c21TsMIUH1iQgylpSQWUGO6HmhZA== Completed in 8ms
264 http fetch GET 200 https://registry.npmjs.org/@jimp%2fplugin-flip 6143ms (cache miss)
265 timing metavuln:packument:@jimp/plugin-flip Completed in 6147ms
266 timing metavuln:load:security-advisory:@jimp/plugin-flip:2oJW9dt1LzfzWLy6W2nkBLW8k76vj3QP5LpFi0xF3IKNyIkZKRz0hxYT+6c21TsMIUH1iQgylpSQWUGO6HmhZA== Completed in 93ms
267 http fetch GET 200 https://registry.npmjs.org/@jimp%2fplugin-contain 6496ms (cache miss)
268 timing metavuln:packument:@jimp/plugin-contain Completed in 6500ms
269 timing metavuln:load:security-advisory:@jimp/plugin-contain:2oJW9dt1LzfzWLy6W2nkBLW8k76vj3QP5LpFi0xF3IKNyIkZKRz0hxYT+6c21TsMIUH1iQgylpSQWUGO6HmhZA== Completed in 13ms
270 timing metavuln:cache:put:security-advisory:@jimp/plugin-gaussian:3PYL2d4zc7xRZW+Hsk2IF9JQ2p2IcXORqrPv8lQ6sv70TiUX2U5OWMeMpW84rtM/XnTVk+6l1aOkZejPaXMPbg== Completed in 998ms
271 timing metavuln:calculate:security-advisory:@jimp/plugin-gaussian:2oJW9dt1LzfzWLy6W2nkBLW8k76vj3QP5LpFi0xF3IKNyIkZKRz0hxYT+6c21TsMIUH1iQgylpSQWUGO6HmhZA== Completed in 6543ms
272 timing metavuln:cache:put:security-advisory:@jimp/plugin-dither:cfJ7v63tuMe5pzvCbdcZjXsnvLQVoMCUP+C6cuS5vNN+6S2yoEQ2Xz9T+csoRguewdDzdkkVdjASURo19tcG9g== Completed in 902ms
273 timing metavuln:calculate:security-advisory:@jimp/plugin-dither:2oJW9dt1LzfzWLy6W2nkBLW8k76vj3QP5LpFi0xF3IKNyIkZKRz0hxYT+6c21TsMIUH1iQgylpSQWUGO6HmhZA== Completed in 6701ms
274 timing metavuln:cache:put:security-advisory:@jimp/plugin-blur:UJspLHvP3ZeUoBSUGGTv45wsY8Jd2KO862b5yj7tHYcKjGVwZdMmhKIvIBeyJZmbejczXfzjjGAE9mACoclg8g== Completed in 792ms
275 timing metavuln:calculate:security-advisory:@jimp/plugin-blur:2oJW9dt1LzfzWLy6W2nkBLW8k76vj3QP5LpFi0xF3IKNyIkZKRz0hxYT+6c21TsMIUH1iQgylpSQWUGO6HmhZA== Completed in 6718ms
276 timing metavuln:cache:put:security-advisory:@jimp/plugin-circle:bZatUhnoIsjOun91o6ek53EQ0WCa1Kgp/cIvvoH6aKnBhsVmuy+YSFJaB1tJ3FqRX9o6mkmjGGxR4yq0ZQ46IA== Completed in 716ms
277 timing metavuln:calculate:security-advisory:@jimp/plugin-circle:2oJW9dt1LzfzWLy6W2nkBLW8k76vj3QP5LpFi0xF3IKNyIkZKRz0hxYT+6c21TsMIUH1iQgylpSQWUGO6HmhZA== Completed in 6725ms
278 timing metavuln:cache:put:security-advisory:@jimp/plugin-displace:hZXvZf1H+Y9dk2QhVcBmf93G+B12Zs9TJv4z0hLpDPvoqPLZL1e0i8Xga8ADmHl4Xasdbq3oyjNkEf7+iY1fhg== Completed in 624ms
279 timing metavuln:calculate:security-advisory:@jimp/plugin-displace:2oJW9dt1LzfzWLy6W2nkBLW8k76vj3QP5LpFi0xF3IKNyIkZKRz0hxYT+6c21TsMIUH1iQgylpSQWUGO6HmhZA== Completed in 6718ms
280 timing metavuln:cache:put:security-advisory:@jimp/plugin-cover:glBssT2t5AnDL6KKHIosEzVcBdfqcSWYiw+DNPLvpSdZrFqmUUIDq3MgKDBxo+/+dGoL4ShQnq/doMxdA0SISg== Completed in 516ms
281 timing metavuln:calculate:security-advisory:@jimp/plugin-cover:2oJW9dt1LzfzWLy6W2nkBLW8k76vj3QP5LpFi0xF3IKNyIkZKRz0hxYT+6c21TsMIUH1iQgylpSQWUGO6HmhZA== Completed in 6724ms
282 timing metavuln:cache:put:security-advisory:@jimp/plugin-fisheye:qwrNdLAJ45U5VZr1NpYKtCFmSRataXaJVZpJvT9ZRVnV/Kpryaag5+y779hjo9uCEGUV+afkR+QVyNH7DF8PWw== Completed in 505ms
283 timing metavuln:calculate:security-advisory:@jimp/plugin-fisheye:2oJW9dt1LzfzWLy6W2nkBLW8k76vj3QP5LpFi0xF3IKNyIkZKRz0hxYT+6c21TsMIUH1iQgylpSQWUGO6HmhZA== Completed in 6651ms
284 http fetch GET 200 https://registry.npmjs.org/@jimp%2fplugin-crop 6793ms (cache miss)
285 timing metavuln:packument:@jimp/plugin-crop Completed in 6807ms
286 timing metavuln:load:security-advisory:@jimp/plugin-crop:2oJW9dt1LzfzWLy6W2nkBLW8k76vj3QP5LpFi0xF3IKNyIkZKRz0hxYT+6c21TsMIUH1iQgylpSQWUGO6HmhZA== Completed in 95ms
287 timing metavuln:cache:put:security-advisory:@jimp/plugin-contain:1RaMdqELA7q7+VglILFFIb+ZW/eCsgMDOUKeatIXM/xAYuKqhdUME3myarKiKp4G8PRzhTZyshLlSsVYw78hFg== Completed in 393ms
288 timing metavuln:calculate:security-advisory:@jimp/plugin-contain:2oJW9dt1LzfzWLy6W2nkBLW8k76vj3QP5LpFi0xF3IKNyIkZKRz0hxYT+6c21TsMIUH1iQgylpSQWUGO6HmhZA== Completed in 6909ms
289 timing metavuln:cache:put:security-advisory:@jimp/plugin-color:DpaLZcKp0xsYqjSFvN6m3k6KjZvE3g3sER5edYBvw1rWPbj8p3LDtuQEQRCJ7vdbC8Eujht+3x5LCG66Iiug1w== Completed in 786ms
290 timing metavuln:calculate:security-advisory:@jimp/plugin-color:2oJW9dt1LzfzWLy6W2nkBLW8k76vj3QP5LpFi0xF3IKNyIkZKRz0hxYT+6c21TsMIUH1iQgylpSQWUGO6HmhZA== Completed in 6916ms
291 timing metavuln:cache:put:security-advisory:@jimp/plugin-flip:G5HHUc+7WxVHEXVTIIFWwmYFR24cmx9OeIekc2OspX24AthavBpf8SXx9HODZDa3AvyVptcRPXR+t/QOtNtlTw== Completed in 597ms
292 timing metavuln:calculate:security-advisory:@jimp/plugin-flip:2oJW9dt1LzfzWLy6W2nkBLW8k76vj3QP5LpFi0xF3IKNyIkZKRz0hxYT+6c21TsMIUH1iQgylpSQWUGO6HmhZA== Completed in 6838ms
293 timing metavuln:cache:put:security-advisory:@jimp/plugin-crop:BZYBr66mbcl9LSEwagSMnpPlPLk+oIq8UvGrW1qCg7g4HsOGm/Yhleu3bEACz2CnAxHbqW/f2AASs577cORk7Q== Completed in 17ms
294 timing metavuln:calculate:security-advisory:@jimp/plugin-crop:2oJW9dt1LzfzWLy6W2nkBLW8k76vj3QP5LpFi0xF3IKNyIkZKRz0hxYT+6c21TsMIUH1iQgylpSQWUGO6HmhZA== Completed in 6921ms
295 timing metavuln:cache:get:security-advisory:@adiwajshing/baileys:2mQwZPzsaS2/hbXnD7C1tu81u+wx9jjRx3R5FxcLMDwD7wB17d+Q0QTbVugQHyZ4Ly0/9vxEteODjrQOoSwKBg== Completed in 3ms
296 http fetch GET 200 https://registry.npmjs.org/@adiwajshing%2fbaileys 494ms (cache miss)
297 timing metavuln:packument:@adiwajshing/baileys Completed in 496ms
298 timing metavuln:load:security-advisory:@adiwajshing/baileys:RtSFKBYhatAmlWqlWuTDn57xqWmPwDUy1dfJbtfZVYpNpmemu/ExUJk2WZEX1UVaQenqAk5g3zqEgsImahjTqQ== Completed in 5ms
299 timing metavuln:cache:put:security-advisory:@adiwajshing/baileys:2mQwZPzsaS2/hbXnD7C1tu81u+wx9jjRx3R5FxcLMDwD7wB17d+Q0QTbVugQHyZ4Ly0/9vxEteODjrQOoSwKBg== Completed in 8ms
300 timing metavuln:calculate:security-advisory:@adiwajshing/baileys:RtSFKBYhatAmlWqlWuTDn57xqWmPwDUy1dfJbtfZVYpNpmemu/ExUJk2WZEX1UVaQenqAk5g3zqEgsImahjTqQ== Completed in 511ms
301 timing auditReport:init Completed in 15681ms
302 timing reify:audit Completed in 16884ms
303 timing reify Completed in 19195ms
304 timing command:install Completed in 19555ms
305 notice
305 notice New [31mmajor[39m version of npm available! [31m8.19.3[39m -> [32m9.6.6[39m
305 notice Changelog: [36mhttps://github.com/npm/cli/releases/tag/v9.6.6[39m
305 notice Run [32mnpm install -g npm@9.6.6[39m to update!
305 notice
306 verbose exit 0
307 timing npm Completed in 20560ms
308 info ok
